2022-05-04T09:35:10+00:00 CRITICAL Uncaught ArgumentCountError: Too few arguments to function add_data_to_custom_users_columns(), 1 passed in D:\wamp64\www\navmenu\wp-includes\class-wp-hook.php on line 309 and exactly 3 expected in D:\wamp64\www\navmenu\wp-content\themes\twentytwentyone-child\functions.php:34
Stack trace:
#0 D:\wamp64\www\navmenu\wp-includes\class-wp-hook.php(309): add_data_to_custom_users_columns('')
#1 D:\wamp64\www\navmenu\wp-includes\plugin.php(189): WP_Hook->apply_filters('', Array)
#2 D:\wamp64\www\navmenu\wp-admin\includes\class-wp-users-list-table.php(592): apply_filters('manage_users_cu...', '', 'referal', 59)
#3 D:\wamp64\www\navmenu\wp-admin\includes\class-wp-users-list-table.php(403): WP_Users_List_Table->single_row(Object(WP_User), '', '', 0)
#4 D:\wamp64\www\navmenu\wp-admin\includes\class-wp-list-table.php(1362): WP_Users_List_Table->display_rows()
#5 D:\wamp64\www\navmenu\wp-admin\includes\class-wp-list-table.php(1289): WP_List_Table->display_rows_or_placeholder()
#6 D:\wamp64\www\navmenu\wp-admin\users.php(651 in D:\wamp64\www\navmenu\wp-content\themes\twentytwentyone-child\functions.php on line 34

2022-05-04T09:36:01+00:00 CRITICAL Uncaught ArgumentCountError: Too few arguments to function add_data_to_custom_users_columns(), 1 passed in D:\wamp64\www\navmenu\wp-includes\class-wp-hook.php on line 309 and exactly 2 expected in D:\wamp64\www\navmenu\wp-content\themes\twentytwentyone-child\functions.php:34
Stack trace:
#0 D:\wamp64\www\navmenu\wp-includes\class-wp-hook.php(309): add_data_to_custom_users_columns('')
#1 D:\wamp64\www\navmenu\wp-includes\plugin.php(189): WP_Hook->apply_filters('', Array)
#2 D:\wamp64\www\navmenu\wp-admin\includes\class-wp-users-list-table.php(592): apply_filters('manage_users_cu...', '', 'referal', 59)
#3 D:\wamp64\www\navmenu\wp-admin\includes\class-wp-users-list-table.php(403): WP_Users_List_Table->single_row(Object(WP_User), '', '', 0)
#4 D:\wamp64\www\navmenu\wp-admin\includes\class-wp-list-table.php(1362): WP_Users_List_Table->display_rows()
#5 D:\wamp64\www\navmenu\wp-admin\includes\class-wp-list-table.php(1289): WP_List_Table->display_rows_or_placeholder()
#6 D:\wamp64\www\navmenu\wp-admin\users.php(651 in D:\wamp64\www\navmenu\wp-content\themes\twentytwentyone-child\functions.php on line 34

2022-05-04T09:36:02+00:00 CRITICAL Uncaught ArgumentCountError: Too few arguments to function add_data_to_custom_users_columns(), 1 passed in D:\wamp64\www\navmenu\wp-includes\class-wp-hook.php on line 309 and exactly 2 expected in D:\wamp64\www\navmenu\wp-content\themes\twentytwentyone-child\functions.php:34
Stack trace:
#0 D:\wamp64\www\navmenu\wp-includes\class-wp-hook.php(309): add_data_to_custom_users_columns('')
#1 D:\wamp64\www\navmenu\wp-includes\plugin.php(189): WP_Hook->apply_filters('', Array)
#2 D:\wamp64\www\navmenu\wp-admin\includes\class-wp-users-list-table.php(592): apply_filters('manage_users_cu...', '', 'referal', 59)
#3 D:\wamp64\www\navmenu\wp-admin\includes\class-wp-users-list-table.php(403): WP_Users_List_Table->single_row(Object(WP_User), '', '', 0)
#4 D:\wamp64\www\navmenu\wp-admin\includes\class-wp-list-table.php(1362): WP_Users_List_Table->display_rows()
#5 D:\wamp64\www\navmenu\wp-admin\includes\class-wp-list-table.php(1289): WP_List_Table->display_rows_or_placeholder()
#6 D:\wamp64\www\navmenu\wp-admin\users.php(651 in D:\wamp64\www\navmenu\wp-content\themes\twentytwentyone-child\functions.php on line 34

2022-05-04T09:36:03+00:00 CRITICAL Uncaught ArgumentCountError: Too few arguments to function add_data_to_custom_users_columns(), 1 passed in D:\wamp64\www\navmenu\wp-includes\class-wp-hook.php on line 309 and exactly 2 expected in D:\wamp64\www\navmenu\wp-content\themes\twentytwentyone-child\functions.php:34
Stack trace:
#0 D:\wamp64\www\navmenu\wp-includes\class-wp-hook.php(309): add_data_to_custom_users_columns('')
#1 D:\wamp64\www\navmenu\wp-includes\plugin.php(189): WP_Hook->apply_filters('', Array)
#2 D:\wamp64\www\navmenu\wp-admin\includes\class-wp-users-list-table.php(592): apply_filters('manage_users_cu...', '', 'referal', 59)
#3 D:\wamp64\www\navmenu\wp-admin\includes\class-wp-users-list-table.php(403): WP_Users_List_Table->single_row(Object(WP_User), '', '', 0)
#4 D:\wamp64\www\navmenu\wp-admin\includes\class-wp-list-table.php(1362): WP_Users_List_Table->display_rows()
#5 D:\wamp64\www\navmenu\wp-admin\includes\class-wp-list-table.php(1289): WP_List_Table->display_rows_or_placeholder()
#6 D:\wamp64\www\navmenu\wp-admin\users.php(651 in D:\wamp64\www\navmenu\wp-content\themes\twentytwentyone-child\functions.php on line 34

2022-05-04T09:36:04+00:00 CRITICAL Uncaught ArgumentCountError: Too few arguments to function add_data_to_custom_users_columns(), 1 passed in D:\wamp64\www\navmenu\wp-includes\class-wp-hook.php on line 309 and exactly 2 expected in D:\wamp64\www\navmenu\wp-content\themes\twentytwentyone-child\functions.php:34
Stack trace:
#0 D:\wamp64\www\navmenu\wp-includes\class-wp-hook.php(309): add_data_to_custom_users_columns('')
#1 D:\wamp64\www\navmenu\wp-includes\plugin.php(189): WP_Hook->apply_filters('', Array)
#2 D:\wamp64\www\navmenu\wp-admin\includes\class-wp-users-list-table.php(592): apply_filters('manage_users_cu...', '', 'referal', 59)
#3 D:\wamp64\www\navmenu\wp-admin\includes\class-wp-users-list-table.php(403): WP_Users_List_Table->single_row(Object(WP_User), '', '', 0)
#4 D:\wamp64\www\navmenu\wp-admin\includes\class-wp-list-table.php(1362): WP_Users_List_Table->display_rows()
#5 D:\wamp64\www\navmenu\wp-admin\includes\class-wp-list-table.php(1289): WP_List_Table->display_rows_or_placeholder()
#6 D:\wamp64\www\navmenu\wp-admin\users.php(651 in D:\wamp64\www\navmenu\wp-content\themes\twentytwentyone-child\functions.php on line 34

2022-05-04T09:36:04+00:00 CRITICAL Uncaught ArgumentCountError: Too few arguments to function add_data_to_custom_users_columns(), 1 passed in D:\wamp64\www\navmenu\wp-includes\class-wp-hook.php on line 309 and exactly 2 expected in D:\wamp64\www\navmenu\wp-content\themes\twentytwentyone-child\functions.php:34
Stack trace:
#0 D:\wamp64\www\navmenu\wp-includes\class-wp-hook.php(309): add_data_to_custom_users_columns('')
#1 D:\wamp64\www\navmenu\wp-includes\plugin.php(189): WP_Hook->apply_filters('', Array)
#2 D:\wamp64\www\navmenu\wp-admin\includes\class-wp-users-list-table.php(592): apply_filters('manage_users_cu...', '', 'referal', 59)
#3 D:\wamp64\www\navmenu\wp-admin\includes\class-wp-users-list-table.php(403): WP_Users_List_Table->single_row(Object(WP_User), '', '', 0)
#4 D:\wamp64\www\navmenu\wp-admin\includes\class-wp-list-table.php(1362): WP_Users_List_Table->display_rows()
#5 D:\wamp64\www\navmenu\wp-admin\includes\class-wp-list-table.php(1289): WP_List_Table->display_rows_or_placeholder()
#6 D:\wamp64\www\navmenu\wp-admin\users.php(651 in D:\wamp64\www\navmenu\wp-content\themes\twentytwentyone-child\functions.php on line 34

2022-05-04T09:36:05+00:00 CRITICAL Uncaught ArgumentCountError: Too few arguments to function add_data_to_custom_users_columns(), 1 passed in D:\wamp64\www\navmenu\wp-includes\class-wp-hook.php on line 309 and exactly 2 expected in D:\wamp64\www\navmenu\wp-content\themes\twentytwentyone-child\functions.php:34
Stack trace:
#0 D:\wamp64\www\navmenu\wp-includes\class-wp-hook.php(309): add_data_to_custom_users_columns('')
#1 D:\wamp64\www\navmenu\wp-includes\plugin.php(189): WP_Hook->apply_filters('', Array)
#2 D:\wamp64\www\navmenu\wp-admin\includes\class-wp-users-list-table.php(592): apply_filters('manage_users_cu...', '', 'referal', 59)
#3 D:\wamp64\www\navmenu\wp-admin\includes\class-wp-users-list-table.php(403): WP_Users_List_Table->single_row(Object(WP_User), '', '', 0)
#4 D:\wamp64\www\navmenu\wp-admin\includes\class-wp-list-table.php(1362): WP_Users_List_Table->display_rows()
#5 D:\wamp64\www\navmenu\wp-admin\includes\class-wp-list-table.php(1289): WP_List_Table->display_rows_or_placeholder()
#6 D:\wamp64\www\navmenu\wp-admin\users.php(651 in D:\wamp64\www\navmenu\wp-content\themes\twentytwentyone-child\functions.php on line 34

2022-05-04T09:36:07+00:00 CRITICAL Uncaught ArgumentCountError: Too few arguments to function add_data_to_custom_users_columns(), 1 passed in D:\wamp64\www\navmenu\wp-includes\class-wp-hook.php on line 309 and exactly 2 expected in D:\wamp64\www\navmenu\wp-content\themes\twentytwentyone-child\functions.php:34
Stack trace:
#0 D:\wamp64\www\navmenu\wp-includes\class-wp-hook.php(309): add_data_to_custom_users_columns('')
#1 D:\wamp64\www\navmenu\wp-includes\plugin.php(189): WP_Hook->apply_filters('', Array)
#2 D:\wamp64\www\navmenu\wp-admin\includes\class-wp-users-list-table.php(592): apply_filters('manage_users_cu...', '', 'referal', 59)
#3 D:\wamp64\www\navmenu\wp-admin\includes\class-wp-users-list-table.php(403): WP_Users_List_Table->single_row(Object(WP_User), '', '', 0)
#4 D:\wamp64\www\navmenu\wp-admin\includes\class-wp-list-table.php(1362): WP_Users_List_Table->display_rows()
#5 D:\wamp64\www\navmenu\wp-admin\includes\class-wp-list-table.php(1289): WP_List_Table->display_rows_or_placeholder()
#6 D:\wamp64\www\navmenu\wp-admin\users.php(651 in D:\wamp64\www\navmenu\wp-content\themes\twentytwentyone-child\functions.php on line 34

2022-05-04T09:36:19+00:00 CRITICAL Uncaught ArgumentCountError: Too few arguments to function add_data_to_custom_users_columns(), 1 passed in D:\wamp64\www\navmenu\wp-includes\class-wp-hook.php on line 309 and exactly 3 expected in D:\wamp64\www\navmenu\wp-content\themes\twentytwentyone-child\functions.php:34
Stack trace:
#0 D:\wamp64\www\navmenu\wp-includes\class-wp-hook.php(309): add_data_to_custom_users_columns('')
#1 D:\wamp64\www\navmenu\wp-includes\plugin.php(189): WP_Hook->apply_filters('', Array)
#2 D:\wamp64\www\navmenu\wp-admin\includes\class-wp-users-list-table.php(592): apply_filters('manage_users_cu...', '', 'referal', 59)
#3 D:\wamp64\www\navmenu\wp-admin\includes\class-wp-users-list-table.php(403): WP_Users_List_Table->single_row(Object(WP_User), '', '', 0)
#4 D:\wamp64\www\navmenu\wp-admin\includes\class-wp-list-table.php(1362): WP_Users_List_Table->display_rows()
#5 D:\wamp64\www\navmenu\wp-admin\includes\class-wp-list-table.php(1289): WP_List_Table->display_rows_or_placeholder()
#6 D:\wamp64\www\navmenu\wp-admin\users.php(651 in D:\wamp64\www\navmenu\wp-content\themes\twentytwentyone-child\functions.php on line 34

2022-05-04T09:36:23+00:00 CRITICAL Uncaught ArgumentCountError: Too few arguments to function add_data_to_custom_users_columns(), 1 passed in D:\wamp64\www\navmenu\wp-includes\class-wp-hook.php on line 309 and exactly 3 expected in D:\wamp64\www\navmenu\wp-content\themes\twentytwentyone-child\functions.php:34
Stack trace:
#0 D:\wamp64\www\navmenu\wp-includes\class-wp-hook.php(309): add_data_to_custom_users_columns('')
#1 D:\wamp64\www\navmenu\wp-includes\plugin.php(189): WP_Hook->apply_filters('', Array)
#2 D:\wamp64\www\navmenu\wp-admin\includes\class-wp-users-list-table.php(592): apply_filters('manage_users_cu...', '', 'referal', 59)
#3 D:\wamp64\www\navmenu\wp-admin\includes\class-wp-users-list-table.php(403): WP_Users_List_Table->single_row(Object(WP_User), '', '', 0)
#4 D:\wamp64\www\navmenu\wp-admin\includes\class-wp-list-table.php(1362): WP_Users_List_Table->display_rows()
#5 D:\wamp64\www\navmenu\wp-admin\includes\class-wp-list-table.php(1289): WP_List_Table->display_rows_or_placeholder()
#6 D:\wamp64\www\navmenu\wp-admin\users.php(651 in D:\wamp64\www\navmenu\wp-content\themes\twentytwentyone-child\functions.php on line 34

2022-05-04T09:38:06+00:00 CRITICAL Uncaught ArgumentCountError: Too few arguments to function add_data_to_custom_users_columns(), 1 passed in D:\wamp64\www\navmenu\wp-includes\class-wp-hook.php on line 309 and exactly 3 expected in D:\wamp64\www\navmenu\wp-content\themes\twentytwentyone-child\functions.php:34
Stack trace:
#0 D:\wamp64\www\navmenu\wp-includes\class-wp-hook.php(309): add_data_to_custom_users_columns('')
#1 D:\wamp64\www\navmenu\wp-includes\plugin.php(189): WP_Hook->apply_filters('', Array)
#2 D:\wamp64\www\navmenu\wp-admin\includes\class-wp-users-list-table.php(592): apply_filters('manage_users_cu...', '', 'referal', 59)
#3 D:\wamp64\www\navmenu\wp-admin\includes\class-wp-users-list-table.php(403): WP_Users_List_Table->single_row(Object(WP_User), '', '', 0)
#4 D:\wamp64\www\navmenu\wp-admin\includes\class-wp-list-table.php(1362): WP_Users_List_Table->display_rows()
#5 D:\wamp64\www\navmenu\wp-admin\includes\class-wp-list-table.php(1289): WP_List_Table->display_rows_or_placeholder()
#6 D:\wamp64\www\navmenu\wp-admin\users.php(651 in D:\wamp64\www\navmenu\wp-content\themes\twentytwentyone-child\functions.php on line 34

2022-05-04T09:38:10+00:00 CRITICAL Uncaught ArgumentCountError: Too few arguments to function add_data_to_custom_users_columns(), 1 passed in D:\wamp64\www\navmenu\wp-includes\class-wp-hook.php on line 309 and exactly 3 expected in D:\wamp64\www\navmenu\wp-content\themes\twentytwentyone-child\functions.php:34
Stack trace:
#0 D:\wamp64\www\navmenu\wp-includes\class-wp-hook.php(309): add_data_to_custom_users_columns('')
#1 D:\wamp64\www\navmenu\wp-includes\plugin.php(189): WP_Hook->apply_filters('', Array)
#2 D:\wamp64\www\navmenu\wp-admin\includes\class-wp-users-list-table.php(592): apply_filters('manage_users_cu...', '', 'referal', 59)
#3 D:\wamp64\www\navmenu\wp-admin\includes\class-wp-users-list-table.php(403): WP_Users_List_Table->single_row(Object(WP_User), '', '', 0)
#4 D:\wamp64\www\navmenu\wp-admin\includes\class-wp-list-table.php(1362): WP_Users_List_Table->display_rows()
#5 D:\wamp64\www\navmenu\wp-admin\includes\class-wp-list-table.php(1289): WP_List_Table->display_rows_or_placeholder()
#6 D:\wamp64\www\navmenu\wp-admin\users.php(651 in D:\wamp64\www\navmenu\wp-content\themes\twentytwentyone-child\functions.php on line 34

2022-05-04T09:38:17+00:00 CRITICAL Uncaught ArgumentCountError: Too few arguments to function add_data_to_custom_users_columns(), 1 passed in D:\wamp64\www\navmenu\wp-includes\class-wp-hook.php on line 309 and exactly 3 expected in D:\wamp64\www\navmenu\wp-content\themes\twentytwentyone-child\functions.php:34
Stack trace:
#0 D:\wamp64\www\navmenu\wp-includes\class-wp-hook.php(309): add_data_to_custom_users_columns('')
#1 D:\wamp64\www\navmenu\wp-includes\plugin.php(189): WP_Hook->apply_filters('', Array)
#2 D:\wamp64\www\navmenu\wp-admin\includes\class-wp-users-list-table.php(592): apply_filters('manage_users_cu...', '', 'referal', 59)
#3 D:\wamp64\www\navmenu\wp-admin\includes\class-wp-users-list-table.php(403): WP_Users_List_Table->single_row(Object(WP_User), '', '', 0)
#4 D:\wamp64\www\navmenu\wp-admin\includes\class-wp-list-table.php(1362): WP_Users_List_Table->display_rows()
#5 D:\wamp64\www\navmenu\wp-admin\includes\class-wp-list-table.php(1289): WP_List_Table->display_rows_or_placeholder()
#6 D:\wamp64\www\navmenu\wp-admin\users.php(651 in D:\wamp64\www\navmenu\wp-content\themes\twentytwentyone-child\functions.php on line 34

2022-05-04T09:38:23+00:00 CRITICAL Uncaught ArgumentCountError: Too few arguments to function add_data_to_custom_users_columns(), 1 passed in D:\wamp64\www\navmenu\wp-includes\class-wp-hook.php on line 309 and exactly 3 expected in D:\wamp64\www\navmenu\wp-content\themes\twentytwentyone-child\functions.php:34
Stack trace:
#0 D:\wamp64\www\navmenu\wp-includes\class-wp-hook.php(309): add_data_to_custom_users_columns('')
#1 D:\wamp64\www\navmenu\wp-includes\plugin.php(189): WP_Hook->apply_filters('', Array)
#2 D:\wamp64\www\navmenu\wp-admin\includes\class-wp-users-list-table.php(592): apply_filters('manage_users_cu...', '', 'referal', 59)
#3 D:\wamp64\www\navmenu\wp-admin\includes\class-wp-users-list-table.php(403): WP_Users_List_Table->single_row(Object(WP_User), '', '', 0)
#4 D:\wamp64\www\navmenu\wp-admin\includes\class-wp-list-table.php(1362): WP_Users_List_Table->display_rows()
#5 D:\wamp64\www\navmenu\wp-admin\includes\class-wp-list-table.php(1289): WP_List_Table->display_rows_or_placeholder()
#6 D:\wamp64\www\navmenu\wp-admin\users.php(651 in D:\wamp64\www\navmenu\wp-content\themes\twentytwentyone-child\functions.php on line 34

